<?xml version="1.0" encoding="UTF-8"?>
<testsuite xmlns:xsi="http://www.w3.org/2001/XMLSchema-instance" xsi:noNamespaceSchemaLocation="https://maven.apache.org/surefire/maven-surefire-plugin/xsd/surefire-test-report.xsd" name="com.vehicle.core.servlets.CarListServletTest" time="0.204" tests="3" errors="0" skipped="0" failures="0">
  <properties>
[...]
</properties>
  <testcase name="doGet_shouldReturnEmptyCarItemsListWithoutRequestParameters" classname="com.vehicle.core.servlets.CarListServletTest" time="0.027"/>
  <testcase name="doGet_shouldReturnCarItemsListWithRequestParameters" classname="com.vehicle.core.servlets.CarListServletTest" time="0.019"/>
  <testcase name="doGet_shouldReturnJSON" classname="com.vehicle.core.servlets.CarListServletTest" time="0.023"/>
</testsuite>